::1 - - [06/Dec/2019:16:11:09 -0600] "GET /about HTTP/1.1" 200 4026
::1 - - [06/Dec/2019:16:11:09 -0600] "GET /static/css/main.css HTTP/1.1" 304 0
::1 - - [06/Dec/2019:16:11:09 -0600] "GET /static/css/computer.jpg HTTP/1.1" 304 0
::1 - - [06/Dec/2019:16:11:11 -0600] "GET / HTTP/1.1" 200 3595
::1 - - [06/Dec/2019:16:11:12 -0600] "GET /about HTTP/1.1" 200 4026
::1 - - [06/Dec/2019:16:11:13 -0600] "GET / HTTP/1.1" 200 3595
::1 - - [06/Dec/2019:16:11:13 -0600] "GET /about HTTP/1.1" 200 4026
::1 - - [06/Dec/2019:16:11:14 -0600] "GET / HTTP/1.1" 200 3595
::1 - - [06/Dec/2019:16:11:14 -0600] "GET /about HTTP/1.1" 200 4026
::1 - - [06/Dec/2019:16:11:16 -0600] "GET / HTTP/1.1" 200 3595
::1 - - [06/Dec/2019:16:11:16 -0600] "GET /about HTTP/1.1" 200 4026
::1 - - [06/Dec/2019:16:11:16 -0600] "GET / HTTP/1.1" 200 3595
::1 - - [06/Dec/2019:16:11:17 -0600] "GET /about HTTP/1.1" 200 4026
::1 - - [06/Dec/2019:16:11:17 -0600] "GET / HTTP/1.1" 200 3595
::1 - - [06/Dec/2019:16:11:25 -0600] "GET /about HTTP/1.1" 200 4026
::1 - - [06/Dec/2019:16:11:25 -0600] "GET / HTTP/1.1" 200 3595
::1 - - [06/Dec/2019:16:11:29 -0600] "GET /about HTTP/1.1" 200 4026
::1 - - [06/Dec/2019:16:11:30 -0600] "GET / HTTP/1.1" 200 3595
::1 - - [06/Dec/2019:16:11:42 -0600] "GET /jkj HTTP/1.1" 200 3595
::1 - - [06/Dec/2019:16:11:47 -0600] "GET /jikurieuwi HTTP/1.1" 200 3595
::1 - - [06/Dec/2019:16:11:49 -0600] "GET /about HTTP/1.1" 200 4026
::1 - - [06/Dec/2019:16:11:51 -0600] "GET / HTTP/1.1" 200 3595
::1 - - [06/Dec/2019:16:11:51 -0600] "GET /about HTTP/1.1" 200 4026
::1 - - [06/Dec/2019:16:11:52 -0600] "GET / HTTP/1.1" 200 3595
